<?xml version="1.0" encoding="UTF-8"?>
<!-- Generated by org.testng.reporters.JUnitReportReporter -->
<testsuite hostname="DT0017281" name="testCases.SampleTest1" tests="1" failures="0" timestamp="8 Feb 2017 07:59:37 GMT" time="0.000" errors="0">
  <testcase name="sampleTestcase" time="0.000" classname="testCases.SampleTest1"/>
</testsuite> <!-- testCases.SampleTest1 -->
